<?xml version="1.0" encoding="UTF-8"?>
<testng-results ignored="0" total="9" passed="8" failed="1" skipped="0">
  <reporter-output>
  </reporter-output>
  <suite started-at="2024-07-02T12:12:12 IST" name="Suite" finished-at="2024-07-02T12:34:15 IST" duration-ms="1322852">
    <groups>
    </groups>
    <test started-at="2024-07-02T12:12:12 IST" name="Create the Account" finished-at="2024-07-02T12:13:54 IST" duration-ms="101886">
      <class name="eCommerceTest.CreatetheAccountTest">
        <test-method is-config="true" signature="createTest(org.testng.ITestContext)[pri:0, instance:eCommerceTest.CreatetheAccountTest@4efbca5a]" started-at="2024-07-02T12:12:12 IST" name="createTest" finished-at="2024-07-02T12:12:12 IST" duration-ms="33" status="PASS">
          <params>
            <param index="0">
              <value>
                <![CDATA[org.testng.TestRunner@357f6391]]>
              </value>
            </param>
          </params>
          <reporter-output>
          </reporter-output>
        </test-method> <!-- createTest -->
        <test-method is-config="true" signature="LanchBrowser(java.lang.String)[pri:0, instance:eCommerceTest.CreatetheAccountTest@4efbca5a]" started-at="2024-07-02T12:12:12 IST" name="LanchBrowser" finished-at="2024-07-02T12:12:39 IST" duration-ms="27059" status="PASS">
          <params>
            <param index="0">
              <value>
                <![CDATA[chrome]]>
              </value>
            </param>
          </params>
          <reporter-output>
          </reporter-output>
        </test-method> <!-- LanchBrowser -->
        <test-method signature="CreatetheAccountTst()[pri:0, instance:eCommerceTest.CreatetheAccountTest@4efbca5a]" started-at="2024-07-02T12:12:39 IST" name="CreatetheAccountTst" finished-at="2024-07-02T12:13:52 IST" duration-ms="72439" status="PASS">
          <reporter-output>
          </reporter-output>
        </test-method> <!-- CreatetheAccountTst -->
        <test-method is-config="true" signature="checkStatus(java.lang.reflect.Method,org.testng.ITestResult)[pri:0, instance:eCommerceTest.CreatetheAccountTest@4efbca5a]" started-at="2024-07-02T12:13:52 IST" name="checkStatus" finished-at="2024-07-02T12:13:52 IST" duration-ms="111" status="PASS">
          <params>
            <param index="0">
              <value>
                <![CDATA[public void eCommerceTest.CreatetheAccountTest.CreatetheAccountTst() throws java.lang.Exception]]>
              </value>
            </param>
            <param index="1">
              <value>
                <![CDATA[[TestResult name=CreatetheAccountTst status=SUCCESS method=CreatetheAccountTest.CreatetheAccountTst()[pri:0, instance:eCommerceTest.CreatetheAccountTest@4efbca5a] output={null}]]]>
              </value>
            </param>
          </params>
          <reporter-output>
          </reporter-output>
        </test-method> <!-- checkStatus -->
        <test-method is-config="true" signature="CloseBrowser()[pri:0, instance:eCommerceTest.CreatetheAccountTest@4efbca5a]" started-at="2024-07-02T12:13:52 IST" name="CloseBrowser" finished-at="2024-07-02T12:13:54 IST" duration-ms="2104" status="PASS">
          <reporter-output>
          </reporter-output>
        </test-method> <!-- CloseBrowser -->
      </class> <!-- eCommerceTest.CreatetheAccountTest -->
    </test> <!-- Create the Account -->
    <test started-at="2024-07-02T12:13:54 IST" name="Sign-In" finished-at="2024-07-02T12:15:52 IST" duration-ms="118148">
      <class name="eCommerceTest.SignInTest">
        <test-method is-config="true" signature="createTest(org.testng.ITestContext)[pri:0, instance:eCommerceTest.SignInTest@71d44a3]" started-at="2024-07-02T12:13:54 IST" name="createTest" finished-at="2024-07-02T12:13:54 IST" duration-ms="1" status="PASS">
          <params>
            <param index="0">
              <value>
                <![CDATA[org.testng.TestRunner@7a31ca20]]>
              </value>
            </param>
          </params>
          <reporter-output>
          </reporter-output>
        </test-method> <!-- createTest -->
        <test-method is-config="true" signature="LanchBrowser(java.lang.String)[pri:0, instance:eCommerceTest.SignInTest@71d44a3]" started-at="2024-07-02T12:13:54 IST" name="LanchBrowser" finished-at="2024-07-02T12:14:35 IST" duration-ms="40445" status="PASS">
          <params>
            <param index="0">
              <value>
                <![CDATA[edge]]>
              </value>
            </param>
          </params>
          <reporter-output>
          </reporter-output>
        </test-method> <!-- LanchBrowser -->
        <test-method signature="SignInTst()[pri:0, instance:eCommerceTest.SignInTest@71d44a3]" started-at="2024-07-02T12:14:35 IST" name="SignInTst" finished-at="2024-07-02T12:15:46 IST" duration-ms="70962" status="PASS">
          <reporter-output>
          </reporter-output>
        </test-method> <!-- SignInTst -->
        <test-method is-config="true" signature="checkStatus(java.lang.reflect.Method,org.testng.ITestResult)[pri:0, instance:eCommerceTest.SignInTest@71d44a3]" started-at="2024-07-02T12:15:46 IST" name="checkStatus" finished-at="2024-07-02T12:15:46 IST" duration-ms="1" status="PASS">
          <params>
            <param index="0">
              <value>
                <![CDATA[public void eCommerceTest.SignInTest.SignInTst() throws java.lang.Exception]]>
              </value>
            </param>
            <param index="1">
              <value>
                <![CDATA[[TestResult name=SignInTst status=SUCCESS method=SignInTest.SignInTst()[pri:0, instance:eCommerceTest.SignInTest@71d44a3] output={null}]]]>
              </value>
            </param>
          </params>
          <reporter-output>
          </reporter-output>
        </test-method> <!-- checkStatus -->
        <test-method is-config="true" signature="CloseBrowser()[pri:0, instance:eCommerceTest.SignInTest@71d44a3]" started-at="2024-07-02T12:15:46 IST" name="CloseBrowser" finished-at="2024-07-02T12:15:52 IST" duration-ms="6720" status="PASS">
          <reporter-output>
          </reporter-output>
        </test-method> <!-- CloseBrowser -->
      </class> <!-- eCommerceTest.SignInTest -->
    </test> <!-- Sign-In -->
    <test started-at="2024-07-02T12:15:53 IST" name="Validate the If Broken Link" finished-at="2024-07-02T12:17:22 IST" duration-ms="89799">
      <class name="eCommerceTest.ValidatetheLinkTest">
        <test-method is-config="true" signature="createTest(org.testng.ITestContext)[pri:0, instance:eCommerceTest.ValidatetheLinkTest@1bb5a082]" started-at="2024-07-02T12:15:53 IST" name="createTest" finished-at="2024-07-02T12:15:53 IST" duration-ms="1" status="PASS">
          <params>
            <param index="0">
              <value>
                <![CDATA[org.testng.TestRunner@349c4d1c]]>
              </value>
            </param>
          </params>
          <reporter-output>
          </reporter-output>
        </test-method> <!-- createTest -->
        <test-method is-config="true" signature="LanchBrowser(java.lang.String)[pri:0, instance:eCommerceTest.ValidatetheLinkTest@1bb5a082]" started-at="2024-07-02T12:15:53 IST" name="LanchBrowser" finished-at="2024-07-02T12:16:30 IST" duration-ms="37807" status="PASS">
          <params>
            <param index="0">
              <value>
                <![CDATA[edge]]>
              </value>
            </param>
          </params>
          <reporter-output>
          </reporter-output>
        </test-method> <!-- LanchBrowser -->
        <test-method signature="ValidatetheLinkTst()[pri:0, instance:eCommerceTest.ValidatetheLinkTest@1bb5a082]" started-at="2024-07-02T12:16:30 IST" name="ValidatetheLinkTst" finished-at="2024-07-02T12:17:20 IST" duration-ms="49199" status="PASS">
          <reporter-output>
          </reporter-output>
        </test-method> <!-- ValidatetheLinkTst -->
        <test-method is-config="true" signature="checkStatus(java.lang.reflect.Method,org.testng.ITestResult)[pri:0, instance:eCommerceTest.ValidatetheLinkTest@1bb5a082]" started-at="2024-07-02T12:17:20 IST" name="checkStatus" finished-at="2024-07-02T12:17:20 IST" duration-ms="2" status="PASS">
          <params>
            <param index="0">
              <value>
                <![CDATA[public void eCommerceTest.ValidatetheLinkTest.ValidatetheLinkTst() throws java.lang.Exception]]>
              </value>
            </param>
            <param index="1">
              <value>
                <![CDATA[[TestResult name=ValidatetheLinkTst status=SUCCESS method=ValidatetheLinkTest.ValidatetheLinkTst()[pri:0, instance:eCommerceTest.ValidatetheLinkTest@1bb5a082] output={null}]]]>
              </value>
            </param>
          </params>
          <reporter-output>
          </reporter-output>
        </test-method> <!-- checkStatus -->
        <test-method is-config="true" signature="CloseBrowser()[pri:0, instance:eCommerceTest.ValidatetheLinkTest@1bb5a082]" started-at="2024-07-02T12:17:20 IST" name="CloseBrowser" finished-at="2024-07-02T12:17:22 IST" duration-ms="2775" status="PASS">
          <reporter-output>
          </reporter-output>
        </test-method> <!-- CloseBrowser -->
      </class> <!-- eCommerceTest.ValidatetheLinkTest -->
    </test> <!-- Validate the If Broken Link -->
    <test started-at="2024-07-02T12:17:22 IST" name="Navigate To All Menu" finished-at="2024-07-02T12:23:25 IST" duration-ms="362497">
      <class name="eCommerceTest.NavigateAllMenuTest">
        <test-method is-config="true" signature="createTest(org.testng.ITestContext)[pri:0, instance:eCommerceTest.NavigateAllMenuTest@639c2c1d]" started-at="2024-07-02T12:17:22 IST" name="createTest" finished-at="2024-07-02T12:17:22 IST" duration-ms="1" status="PASS">
          <params>
            <param index="0">
              <value>
                <![CDATA[org.testng.TestRunner@21edd891]]>
              </value>
            </param>
          </params>
          <reporter-output>
          </reporter-output>
        </test-method> <!-- createTest -->
        <test-method is-config="true" signature="LanchBrowser(java.lang.String)[pri:0, instance:eCommerceTest.NavigateAllMenuTest@639c2c1d]" started-at="2024-07-02T12:17:22 IST" name="LanchBrowser" finished-at="2024-07-02T12:18:03 IST" duration-ms="40424" status="PASS">
          <params>
            <param index="0">
              <value>
                <![CDATA[chrome]]>
              </value>
            </param>
          </params>
          <reporter-output>
          </reporter-output>
        </test-method> <!-- LanchBrowser -->
        <test-method signature="NavigateAllMenuTst()[pri:0, instance:eCommerceTest.NavigateAllMenuTest@639c2c1d]" started-at="2024-07-02T12:18:03 IST" name="NavigateAllMenuTst" finished-at="2024-07-02T12:23:21 IST" duration-ms="318025" status="PASS">
          <reporter-output>
          </reporter-output>
        </test-method> <!-- NavigateAllMenuTst -->
        <test-method is-config="true" signature="checkStatus(java.lang.reflect.Method,org.testng.ITestResult)[pri:0, instance:eCommerceTest.NavigateAllMenuTest@639c2c1d]" started-at="2024-07-02T12:23:21 IST" name="checkStatus" finished-at="2024-07-02T12:23:21 IST" duration-ms="1" status="PASS">
          <params>
            <param index="0">
              <value>
                <![CDATA[public void eCommerceTest.NavigateAllMenuTest.NavigateAllMenuTst() throws java.lang.Exception]]>
              </value>
            </param>
            <param index="1">
              <value>
                <![CDATA[[TestResult name=NavigateAllMenuTst status=SUCCESS method=NavigateAllMenuTest.NavigateAllMenuTst()[pri:0, instance:eCommerceTest.NavigateAllMenuTest@639c2c1d] output={null}]]]>
              </value>
            </param>
          </params>
          <reporter-output>
          </reporter-output>
        </test-method> <!-- checkStatus -->
        <test-method is-config="true" signature="CloseBrowser()[pri:0, instance:eCommerceTest.NavigateAllMenuTest@639c2c1d]" started-at="2024-07-02T12:23:21 IST" name="CloseBrowser" finished-at="2024-07-02T12:23:25 IST" duration-ms="4017" status="PASS">
          <reporter-output>
          </reporter-output>
        </test-method> <!-- CloseBrowser -->
      </class> <!-- eCommerceTest.NavigateAllMenuTest -->
    </test> <!-- Navigate To All Menu -->
    <test started-at="2024-07-02T12:23:25 IST" name="Validate The Bottom Links" finished-at="2024-07-02T12:24:30 IST" duration-ms="65225">
      <class name="eCommerceTest.ValidateBottomLinksTest">
        <test-method is-config="true" signature="createTest(org.testng.ITestContext)[pri:0, instance:eCommerceTest.ValidateBottomLinksTest@30c15d8b]" started-at="2024-07-02T12:23:25 IST" name="createTest" finished-at="2024-07-02T12:23:25 IST" duration-ms="1" status="PASS">
          <params>
            <param index="0">
              <value>
                <![CDATA[org.testng.TestRunner@de579ff]]>
              </value>
            </param>
          </params>
          <reporter-output>
          </reporter-output>
        </test-method> <!-- createTest -->
        <test-method is-config="true" signature="LanchBrowser(java.lang.String)[pri:0, instance:eCommerceTest.ValidateBottomLinksTest@30c15d8b]" started-at="2024-07-02T12:23:25 IST" name="LanchBrowser" finished-at="2024-07-02T12:24:02 IST" duration-ms="36817" status="PASS">
          <params>
            <param index="0">
              <value>
                <![CDATA[edge]]>
              </value>
            </param>
          </params>
          <reporter-output>
          </reporter-output>
        </test-method> <!-- LanchBrowser -->
        <test-method signature="ValidateBottomLinksTst()[pri:0, instance:eCommerceTest.ValidateBottomLinksTest@30c15d8b]" started-at="2024-07-02T12:24:02 IST" name="ValidateBottomLinksTst" finished-at="2024-07-02T12:24:26 IST" duration-ms="24130" status="PASS">
          <reporter-output>
          </reporter-output>
        </test-method> <!-- ValidateBottomLinksTst -->
        <test-method is-config="true" signature="checkStatus(java.lang.reflect.Method,org.testng.ITestResult)[pri:0, instance:eCommerceTest.ValidateBottomLinksTest@30c15d8b]" started-at="2024-07-02T12:24:26 IST" name="checkStatus" finished-at="2024-07-02T12:24:26 IST" duration-ms="1" status="PASS">
          <params>
            <param index="0">
              <value>
                <![CDATA[public void eCommerceTest.ValidateBottomLinksTest.ValidateBottomLinksTst() throws java.lang.Exception]]>
              </value>
            </param>
            <param index="1">
              <value>
                <![CDATA[[TestResult name=ValidateBottomLinksTst status=SUCCESS method=ValidateBottomLinksTest.ValidateBottomLinksTst()[pri:0, instance:eCommerceTest.ValidateBottomLinksTest@30c15d8b] output={null}]]]>
              </value>
            </param>
          </params>
          <reporter-output>
          </reporter-output>
        </test-method> <!-- checkStatus -->
        <test-method is-config="true" signature="CloseBrowser()[pri:0, instance:eCommerceTest.ValidateBottomLinksTest@30c15d8b]" started-at="2024-07-02T12:24:26 IST" name="CloseBrowser" finished-at="2024-07-02T12:24:30 IST" duration-ms="4263" status="PASS">
          <reporter-output>
          </reporter-output>
        </test-method> <!-- CloseBrowser -->
      </class> <!-- eCommerceTest.ValidateBottomLinksTest -->
    </test> <!-- Validate The Bottom Links -->
    <test started-at="2024-07-02T12:24:30 IST" name="Search And Add the Item" finished-at="2024-07-02T12:27:29 IST" duration-ms="179260">
      <class name="eCommerceTest.SearchAndAddtheItemTest">
        <test-method is-config="true" signature="createTest(org.testng.ITestContext)[pri:0, instance:eCommerceTest.SearchAndAddtheItemTest@36fc695d]" started-at="2024-07-02T12:24:30 IST" name="createTest" finished-at="2024-07-02T12:24:30 IST" duration-ms="5" status="PASS">
          <params>
            <param index="0">
              <value>
                <![CDATA[org.testng.TestRunner@7971c2a9]]>
              </value>
            </param>
          </params>
          <reporter-output>
          </reporter-output>
        </test-method> <!-- createTest -->
        <test-method is-config="true" signature="LanchBrowser(java.lang.String)[pri:0, instance:eCommerceTest.SearchAndAddtheItemTest@36fc695d]" started-at="2024-07-02T12:24:30 IST" name="LanchBrowser" finished-at="2024-07-02T12:24:54 IST" duration-ms="23981" status="PASS">
          <params>
            <param index="0">
              <value>
                <![CDATA[chrome]]>
              </value>
            </param>
          </params>
          <reporter-output>
          </reporter-output>
        </test-method> <!-- LanchBrowser -->
        <test-method signature="SearchAndAddtheItemTst()[pri:0, instance:eCommerceTest.SearchAndAddtheItemTest@36fc695d]" started-at="2024-07-02T12:24:54 IST" name="SearchAndAddtheItemTst" finished-at="2024-07-02T12:27:17 IST" duration-ms="142356" status="PASS">
          <reporter-output>
          </reporter-output>
        </test-method> <!-- SearchAndAddtheItemTst -->
        <test-method is-config="true" signature="checkStatus(java.lang.reflect.Method,org.testng.ITestResult)[pri:0, instance:eCommerceTest.SearchAndAddtheItemTest@36fc695d]" started-at="2024-07-02T12:27:17 IST" name="checkStatus" finished-at="2024-07-02T12:27:17 IST" duration-ms="1" status="PASS">
          <params>
            <param index="0">
              <value>
                <![CDATA[public void eCommerceTest.SearchAndAddtheItemTest.SearchAndAddtheItemTst() throws java.lang.Exception]]>
              </value>
            </param>
            <param index="1">
              <value>
                <![CDATA[[TestResult name=SearchAndAddtheItemTst status=SUCCESS method=SearchAndAddtheItemTest.SearchAndAddtheItemTst()[pri:0, instance:eCommerceTest.SearchAndAddtheItemTest@36fc695d] output={null}]]]>
              </value>
            </param>
          </params>
          <reporter-output>
          </reporter-output>
        </test-method> <!-- checkStatus -->
        <test-method is-config="true" signature="CloseBrowser()[pri:0, instance:eCommerceTest.SearchAndAddtheItemTest@36fc695d]" started-at="2024-07-02T12:27:17 IST" name="CloseBrowser" finished-at="2024-07-02T12:27:29 IST" duration-ms="12893" status="PASS">
          <reporter-output>
          </reporter-output>
        </test-method> <!-- CloseBrowser -->
      </class> <!-- eCommerceTest.SearchAndAddtheItemTest -->
    </test> <!-- Search And Add the Item -->
    <test started-at="2024-07-02T12:27:30 IST" name="Search And Add Item Shop By Depatment" finished-at="2024-07-02T12:30:08 IST" duration-ms="158025">
      <class name="eCommerceTest.SearchAndAddItemShopByDepTest">
        <test-method is-config="true" signature="createTest(org.testng.ITestContext)[pri:0, instance:eCommerceTest.SearchAndAddItemShopByDepTest@5bf0d49]" started-at="2024-07-02T12:27:30 IST" name="createTest" finished-at="2024-07-02T12:27:30 IST" duration-ms="1" status="PASS">
          <params>
            <param index="0">
              <value>
                <![CDATA[org.testng.TestRunner@2fd39436]]>
              </value>
            </param>
          </params>
          <reporter-output>
          </reporter-output>
        </test-method> <!-- createTest -->
        <test-method is-config="true" signature="LanchBrowser(java.lang.String)[pri:0, instance:eCommerceTest.SearchAndAddItemShopByDepTest@5bf0d49]" started-at="2024-07-02T12:27:30 IST" name="LanchBrowser" finished-at="2024-07-02T12:28:16 IST" duration-ms="46726" status="PASS">
          <params>
            <param index="0">
              <value>
                <![CDATA[chrome]]>
              </value>
            </param>
          </params>
          <reporter-output>
          </reporter-output>
        </test-method> <!-- LanchBrowser -->
        <test-method signature="SearchAndAddItemShopByDepTst()[pri:0, instance:eCommerceTest.SearchAndAddItemShopByDepTest@5bf0d49]" started-at="2024-07-02T12:28:16 IST" name="SearchAndAddItemShopByDepTst" finished-at="2024-07-02T12:30:00 IST" duration-ms="103693" status="PASS">
          <reporter-output>
          </reporter-output>
        </test-method> <!-- SearchAndAddItemShopByDepTst -->
        <test-method is-config="true" signature="checkStatus(java.lang.reflect.Method,org.testng.ITestResult)[pri:0, instance:eCommerceTest.SearchAndAddItemShopByDepTest@5bf0d49]" started-at="2024-07-02T12:30:00 IST" name="checkStatus" finished-at="2024-07-02T12:30:00 IST" duration-ms="1" status="PASS">
          <params>
            <param index="0">
              <value>
                <![CDATA[public void eCommerceTest.SearchAndAddItemShopByDepTest.SearchAndAddItemShopByDepTst() throws java.lang.Exception]]>
              </value>
            </param>
            <param index="1">
              <value>
                <![CDATA[[TestResult name=SearchAndAddItemShopByDepTst status=SUCCESS method=SearchAndAddItemShopByDepTest.SearchAndAddItemShopByDepTst()[pri:0, instance:eCommerceTest.SearchAndAddItemShopByDepTest@5bf0d49] output={null}]]]>
              </value>
            </param>
          </params>
          <reporter-output>
          </reporter-output>
        </test-method> <!-- checkStatus -->
        <test-method is-config="true" signature="CloseBrowser()[pri:0, instance:eCommerceTest.SearchAndAddItemShopByDepTest@5bf0d49]" started-at="2024-07-02T12:30:00 IST" name="CloseBrowser" finished-at="2024-07-02T12:30:08 IST" duration-ms="7596" status="PASS">
          <reporter-output>
          </reporter-output>
        </test-method> <!-- CloseBrowser -->
      </class> <!-- eCommerceTest.SearchAndAddItemShopByDepTest -->
    </test> <!-- Search And Add Item Shop By Depatment -->
    <test started-at="2024-07-02T12:30:08 IST" name="Select And Item By Brand" finished-at="2024-07-02T12:32:32 IST" duration-ms="144417">
      <class name="eCommerceTest.SelectAndItemByBrandTest">
        <test-method is-config="true" signature="createTest(org.testng.ITestContext)[pri:0, instance:eCommerceTest.SelectAndItemByBrandTest@408d971b]" started-at="2024-07-02T12:30:08 IST" name="createTest" finished-at="2024-07-02T12:30:08 IST" duration-ms="3" status="PASS">
          <params>
            <param index="0">
              <value>
                <![CDATA[org.testng.TestRunner@60b5e80d]]>
              </value>
            </param>
          </params>
          <reporter-output>
          </reporter-output>
        </test-method> <!-- createTest -->
        <test-method is-config="true" signature="LanchBrowser(java.lang.String)[pri:0, instance:eCommerceTest.SelectAndItemByBrandTest@408d971b]" started-at="2024-07-02T12:30:08 IST" name="LanchBrowser" finished-at="2024-07-02T12:30:51 IST" duration-ms="42957" status="PASS">
          <params>
            <param index="0">
              <value>
                <![CDATA[chrome]]>
              </value>
            </param>
          </params>
          <reporter-output>
          </reporter-output>
        </test-method> <!-- LanchBrowser -->
        <test-method signature="SelectAndItemByBrandTst()[pri:0, instance:eCommerceTest.SelectAndItemByBrandTest@408d971b]" started-at="2024-07-02T12:30:51 IST" name="SelectAndItemByBrandTst" finished-at="2024-07-02T12:32:12 IST" duration-ms="81524" status="PASS">
          <reporter-output>
          </reporter-output>
        </test-method> <!-- SelectAndItemByBrandTst -->
        <test-method is-config="true" signature="checkStatus(java.lang.reflect.Method,org.testng.ITestResult)[pri:0, instance:eCommerceTest.SelectAndItemByBrandTest@408d971b]" started-at="2024-07-02T12:32:12 IST" name="checkStatus" finished-at="2024-07-02T12:32:12 IST" duration-ms="1" status="PASS">
          <params>
            <param index="0">
              <value>
                <![CDATA[public void eCommerceTest.SelectAndItemByBrandTest.SelectAndItemByBrandTst() throws java.lang.Exception]]>
              </value>
            </param>
            <param index="1">
              <value>
                <![CDATA[[TestResult name=SelectAndItemByBrandTst status=SUCCESS method=SelectAndItemByBrandTest.SelectAndItemByBrandTst()[pri:0, instance:eCommerceTest.SelectAndItemByBrandTest@408d971b] output={null}]]]>
              </value>
            </param>
          </params>
          <reporter-output>
          </reporter-output>
        </test-method> <!-- checkStatus -->
        <test-method is-config="true" signature="CloseBrowser()[pri:0, instance:eCommerceTest.SelectAndItemByBrandTest@408d971b]" started-at="2024-07-02T12:32:12 IST" name="CloseBrowser" finished-at="2024-07-02T12:32:32 IST" duration-ms="19927" status="PASS">
          <reporter-output>
          </reporter-output>
        </test-method> <!-- CloseBrowser -->
      </class> <!-- eCommerceTest.SelectAndItemByBrandTest -->
    </test> <!-- Select And Item By Brand -->
    <test started-at="2024-07-02T12:32:32 IST" name="Check Out Page And Payment Details Test" finished-at="2024-07-02T12:34:15 IST" duration-ms="102516">
      <class name="eCommerceTest.CheckoutpageAndPaymentdetailsTest">
        <test-method is-config="true" signature="ExtentReports()[pri:0, instance:eCommerceTest.CheckoutpageAndPaymentdetailsTest@36ebc363]" started-at="2024-07-02T12:12:11 IST" name="ExtentReports" finished-at="2024-07-02T12:12:12 IST" duration-ms="1182" status="PASS">
          <reporter-output>
          </reporter-output>
        </test-method> <!-- ExtentReports -->
        <test-method is-config="true" signature="createTest(org.testng.ITestContext)[pri:0, instance:eCommerceTest.CheckoutpageAndPaymentdetailsTest@36ebc363]" started-at="2024-07-02T12:32:32 IST" name="createTest" finished-at="2024-07-02T12:32:32 IST" duration-ms="2" status="PASS">
          <params>
            <param index="0">
              <value>
                <![CDATA[org.testng.TestRunner@46394f65]]>
              </value>
            </param>
          </params>
          <reporter-output>
          </reporter-output>
        </test-method> <!-- createTest -->
        <test-method is-config="true" signature="LanchBrowser(java.lang.String)[pri:0, instance:eCommerceTest.CheckoutpageAndPaymentdetailsTest@36ebc363]" started-at="2024-07-02T12:32:32 IST" name="LanchBrowser" finished-at="2024-07-02T12:33:03 IST" duration-ms="30139" status="PASS">
          <params>
            <param index="0">
              <value>
                <![CDATA[chrome]]>
              </value>
            </param>
          </params>
          <reporter-output>
          </reporter-output>
        </test-method> <!-- LanchBrowser -->
        <test-method signature="CheckoutpageAndPaymentdetailsTst()[pri:0, instance:eCommerceTest.CheckoutpageAndPaymentdetailsTest@36ebc363]" started-at="2024-07-02T12:33:03 IST" name="CheckoutpageAndPaymentdetailsTst" finished-at="2024-07-02T12:33:59 IST" duration-ms="56571" status="FAIL">
          <exception class="org.openqa.selenium.NoSuchElementException">
            <message>
              <![CDATA[no such element: Unable to locate element: {"method":"xpath","selector":"//a[normalize-space()='Apple - iPhone 14 128GB (Unlocked) - Midnight']"}
  (Session info: chrome=124.0.6367.210)
For documentation on this error, please visit: https://www.selenium.dev/documentation/webdriver/troubleshooting/errors#no-such-element-exception
Build info: version: '4.18.1', revision: 'b1d3319b48'
System info: os.name: 'Windows 10', os.arch: 'amd64', os.version: '10.0', java.version: '21.0.2'
Driver info: org.openqa.selenium.chrome.ChromeDriver
Command: [e2d69b2517526d8c4f81ac6242ba3280, findElement {value=//a[normalize-space()='Apple - iPhone 14 128GB (Unlocked) - Midnight'], using=xpath}]
Capabilities {acceptInsecureCerts: false, browserName: chrome, browserVersion: 124.0.6367.210, chrome: {chromedriverVersion: 124.0.6367.207 (a9001a6e39f..., userDataDir: C:\Users\ELCOT\AppData\Loca...}, fedcm:accounts: true, goog:chromeOptions: {debuggerAddress: localhost:61363}, networkConnectionEnabled: false, pageLoadStrategy: normal, platformName: windows, proxy: Proxy(), se:cdp: ws://localhost:61363/devtoo..., se:cdpVersion: 124.0.6367.210, setWindowRect: true, strictFileInteractability: false, timeouts: {implicit: 0, pageLoad: 300000, script: 30000}, unhandledPromptBehavior: dismiss and notify, webauthn:extension:credBlob: true, webauthn:extension:largeBlob: true, webauthn:extension:minPinLength: true, webauthn:extension:prf: true, webauthn:virtualAuthenticators: true}
Session ID: e2d69b2517526d8c4f81ac6242ba3280]]>
            </message>
            <full-stacktrace>
              <![CDATA[org.openqa.selenium.NoSuchElementException: no such element: Unable to locate element: {"method":"xpath","selector":"//a[normalize-space()='Apple - iPhone 14 128GB (Unlocked) - Midnight']"}
  (Session info: chrome=124.0.6367.210)
For documentation on this error, please visit: https://www.selenium.dev/documentation/webdriver/troubleshooting/errors#no-such-element-exception
Build info: version: '4.18.1', revision: 'b1d3319b48'
System info: os.name: 'Windows 10', os.arch: 'amd64', os.version: '10.0', java.version: '21.0.2'
Driver info: org.openqa.selenium.chrome.ChromeDriver
Command: [e2d69b2517526d8c4f81ac6242ba3280, findElement {value=//a[normalize-space()='Apple - iPhone 14 128GB (Unlocked) - Midnight'], using=xpath}]
Capabilities {acceptInsecureCerts: false, browserName: chrome, browserVersion: 124.0.6367.210, chrome: {chromedriverVersion: 124.0.6367.207 (a9001a6e39f..., userDataDir: C:\Users\ELCOT\AppData\Loca...}, fedcm:accounts: true, goog:chromeOptions: {debuggerAddress: localhost:61363}, networkConnectionEnabled: false, pageLoadStrategy: normal, platformName: windows, proxy: Proxy(), se:cdp: ws://localhost:61363/devtoo..., se:cdpVersion: 124.0.6367.210, setWindowRect: true, strictFileInteractability: false, timeouts: {implicit: 0, pageLoad: 300000, script: 30000}, unhandledPromptBehavior: dismiss and notify, webauthn:extension:credBlob: true, webauthn:extension:largeBlob: true, webauthn:extension:minPinLength: true, webauthn:extension:prf: true, webauthn:virtualAuthenticators: true}
Session ID: e2d69b2517526d8c4f81ac6242ba3280
at java.base/jdk.internal.reflect.DirectConstructorHandleAccessor.newInstance(DirectConstructorHandleAccessor.java:62)
at java.base/java.lang.reflect.Constructor.newInstanceWithCaller(Constructor.java:502)
at java.base/java.lang.reflect.Constructor.newInstance(Constructor.java:486)
at org.openqa.selenium.remote.ErrorCodec.decode(ErrorCodec.java:167)
at org.openqa.selenium.remote.codec.w3c.W3CHttpResponseCodec.decode(W3CHttpResponseCodec.java:138)
at org.openqa.selenium.remote.codec.w3c.W3CHttpResponseCodec.decode(W3CHttpResponseCodec.java:50)
at org.openqa.selenium.remote.HttpCommandExecutor.execute(HttpCommandExecutor.java:190)
at org.openqa.selenium.remote.service.DriverCommandExecutor.invokeExecute(DriverCommandExecutor.java:216)
at org.openqa.selenium.remote.service.DriverCommandExecutor.execute(DriverCommandExecutor.java:174)
at org.openqa.selenium.remote.RemoteWebDriver.execute(RemoteWebDriver.java:519)
at org.openqa.selenium.remote.ElementLocation$ElementFinder$2.findElement(ElementLocation.java:165)
at org.openqa.selenium.remote.ElementLocation.findElement(ElementLocation.java:59)
at org.openqa.selenium.remote.RemoteWebDriver.findElement(RemoteWebDriver.java:356)
at org.openqa.selenium.remote.RemoteWebDriver.findElement(RemoteWebDriver.java:350)
at org.openqa.selenium.support.pagefactory.DefaultElementLocator.findElement(DefaultElementLocator.java:68)
at org.openqa.selenium.support.pagefactory.internal.LocatingElementHandler.invoke(LocatingElementHandler.java:38)
at jdk.proxy2/jdk.proxy2.$Proxy20.click(Unknown Source)
at eCommerce.CheckoutpageAndPaymentdetails.AddTheProduct(CheckoutpageAndPaymentdetails.java:73)
at eCommerceTest.CheckoutpageAndPaymentdetailsTest.CheckoutpageAndPaymentdetailsTst(CheckoutpageAndPaymentdetailsTest.java:16)
at java.base/jdk.internal.reflect.DirectMethodHandleAccessor.invoke(DirectMethodHandleAccessor.java:103)
at java.base/java.lang.reflect.Method.invoke(Method.java:580)
at org.testng.internal.MethodInvocationHelper.invokeMethod(MethodInvocationHelper.java:133)
at org.testng.internal.TestInvoker.invokeMethod(TestInvoker.java:598)
at org.testng.internal.TestInvoker.invokeTestMethod(TestInvoker.java:173)
at org.testng.internal.MethodRunner.runInSequence(MethodRunner.java:46)
at org.testng.internal.TestInvoker$MethodInvocationAgent.invoke(TestInvoker.java:824)
at org.testng.internal.TestInvoker.invokeTestMethods(TestInvoker.java:146)
at org.testng.internal.TestMethodWorker.invokeTestMethods(TestMethodWorker.java:146)
at org.testng.internal.TestMethodWorker.run(TestMethodWorker.java:128)
at java.base/java.util.ArrayList.forEach(ArrayList.java:1596)
at org.testng.TestRunner.privateRun(TestRunner.java:794)
at org.testng.TestRunner.run(TestRunner.java:596)
at org.testng.SuiteRunner.runTest(SuiteRunner.java:377)
at org.testng.SuiteRunner.runSequentially(SuiteRunner.java:371)
at org.testng.SuiteRunner.privateRun(SuiteRunner.java:332)
at org.testng.SuiteRunner.run(SuiteRunner.java:276)
at org.testng.SuiteRunnerWorker.runSuite(SuiteRunnerWorker.java:53)
at org.testng.SuiteRunnerWorker.run(SuiteRunnerWorker.java:96)
at org.testng.TestNG.runSuitesSequentially(TestNG.java:1212)
at org.testng.TestNG.runSuitesLocally(TestNG.java:1134)
at org.testng.TestNG.runSuites(TestNG.java:1063)
at org.testng.TestNG.run(TestNG.java:1031)
at org.testng.remote.AbstractRemoteTestNG.run(AbstractRemoteTestNG.java:115)
at org.testng.remote.RemoteTestNG.initAndRun(RemoteTestNG.java:251)
at org.testng.remote.RemoteTestNG.main(RemoteTestNG.java:77)
]]>
            </full-stacktrace>
          </exception> <!-- org.openqa.selenium.NoSuchElementException -->
          <reporter-output>
          </reporter-output>
        </test-method> <!-- CheckoutpageAndPaymentdetailsTst -->
        <test-method is-config="true" signature="checkStatus(java.lang.reflect.Method,org.testng.ITestResult)[pri:0, instance:eCommerceTest.CheckoutpageAndPaymentdetailsTest@36ebc363]" started-at="2024-07-02T12:34:00 IST" name="checkStatus" finished-at="2024-07-02T12:34:06 IST" duration-ms="5837" status="PASS">
          <params>
            <param index="0">
              <value>
                <![CDATA[public void eCommerceTest.CheckoutpageAndPaymentdetailsTest.CheckoutpageAndPaymentdetailsTst() throws java.lang.Exception]]>
              </value>
            </param>
            <param index="1">
              <value>
                <![CDATA[[TestResult name=CheckoutpageAndPaymentdetailsTst status=FAILURE method=CheckoutpageAndPaymentdetailsTest.CheckoutpageAndPaymentdetailsTst()[pri:0, instance:eCommerceTest.CheckoutpageAndPaymentdetailsTest@36ebc363] output={null}]]]>
              </value>
            </param>
          </params>
          <reporter-output>
          </reporter-output>
        </test-method> <!-- checkStatus -->
        <test-method is-config="true" signature="CloseBrowser()[pri:0, instance:eCommerceTest.CheckoutpageAndPaymentdetailsTest@36ebc363]" started-at="2024-07-02T12:34:06 IST" name="CloseBrowser" finished-at="2024-07-02T12:34:15 IST" duration-ms="8628" status="PASS">
          <reporter-output>
          </reporter-output>
        </test-method> <!-- CloseBrowser -->
        <test-method is-config="true" signature="GenerateExtentReports()[pri:0, instance:eCommerceTest.CheckoutpageAndPaymentdetailsTest@36ebc363]" started-at="2024-07-02T12:34:15 IST" name="GenerateExtentReports" finished-at="2024-07-02T12:34:21 IST" duration-ms="5839" status="PASS">
          <reporter-output>
          </reporter-output>
        </test-method> <!-- GenerateExtentReports -->
      </class> <!-- eCommerceTest.CheckoutpageAndPaymentdetailsTest -->
    </test> <!-- Check Out Page And Payment Details Test -->
  </suite> <!-- Suite -->
</testng-results>
